<?xml version="1.0" encoding="UTF-8"?>
<testsuite xmlns:xsi="http://www.w3.org/2001/XMLSchema-instance" xsi:noNamespaceSchemaLocation="https://maven.apache.org/surefire/maven-surefire-plugin/xsd/surefire-test-report-3.0.xsd" version="3.0" name="io.github.chiraghahuja.jsonparser.TestLoadFromFile" time="0.346" tests="6" errors="0" skipped="0" failures="0">
  <properties>
[...]
</properties>
  <testcase name="testLoadFromFileWithSpecialCharacters" classname="io.github.chiraghahuja.jsonparser.TestLoadFromFile" time="0.286"/>
  <testcase name="testLoadFromFileWithValidJson" classname="io.github.chiraghahuja.jsonparser.TestLoadFromFile" time="0.005"/>
  <testcase name="testLoadFromFileWithBoundaryValues" classname="io.github.chiraghahuja.jsonparser.TestLoadFromFile" time="0.005"/>
  <testcase name="testLoadFromFileWithUnicode" classname="io.github.chiraghahuja.jsonparser.TestLoadFromFile" time="0.004"/>
  <testcase name="testLoadFromFileWithMultipleJsonObjects" classname="io.github.chiraghahuja.jsonparser.TestLoadFromFile" time="0.004"/>
  <testcase name="testLoadFromFileWithInvalidJson" classname="io.github.chiraghahuja.jsonparser.TestLoadFromFile" time="0.008"/>
</testsuite>